============================= test session starts ==============================
platform linux -- Python 3.12.12, pytest-9.0.2, pluggy-1.6.0 -- /home/jules/.pyenv/versions/3.12.12/bin/python3.12
cachedir: .pytest_cache
rootdir: /app
configfile: pyproject.toml
collecting ... collected 434 items

Example_Files/Python/pyMannKendall-master/tests/test_pymannkendall.py::test_sens_slope PASSED [  0%]
Example_Files/Python/pyMannKendall-master/tests/test_pymannkendall.py::test_seasonal_sens_slope PASSED [  0%]
Example_Files/Python/pyMannKendall-master/tests/test_pymannkendall.py::test_original_test PASSED [  0%]
Example_Files/Python/pyMannKendall-master/tests/test_pymannkendall.py::test_hamed_rao_modification_test PASSED [  0%]
Example_Files/Python/pyMannKendall-master/tests/test_pymannkendall.py::test_hamed_rao_modification_test_lag3 PASSED [  1%]
Example_Files/Python/pyMannKendall-master/tests/test_pymannkendall.py::test_yue_wang_modification_test PASSED [  1%]
Example_Files/Python/pyMannKendall-master/tests/test_pymannkendall.py::test_yue_wang_modification_test_lag1 PASSED [  1%]
Example_Files/Python/pyMannKendall-master/tests/test_pymannkendall.py::test_pre_whitening_modification_test PASSED [  1%]
Example_Files/Python/pyMannKendall-master/tests/test_pymannkendall.py::test_trend_free_pre_whitening_modification_test PASSED [  2%]
Example_Files/Python/pyMannKendall-master/tests/test_pymannkendall.py::test_seasonal_test PASSED [  2%]
Example_Files/Python/pyMannKendall-master/tests/test_pymannkendall.py::test_regional_test PASSED [  2%]
Example_Files/Python/pyMannKendall-master/tests/test_pymannkendall.py::test_correlated_multivariate_test PASSED [  2%]
Example_Files/Python/pyMannKendall-master/tests/test_pymannkendall.py::test_correlated_seasonal_test PASSED [  2%]
Example_Files/Python/pyMannKendall-master/tests/test_pymannkendall.py::test_partial_test PASSED [  3%]
app/tests/test_basic.py::test_generator PASSED                           [  3%]
tests/audit_v060/test_adversarial_core.py::TestAdversarialCore::test_lomb_scargle_constant_data PASSED [  3%]
tests/audit_v060/test_adversarial_core.py::TestAdversarialCore::test_lomb_scargle_massive_offset PASSED [  3%]
tests/audit_v060/test_adversarial_core.py::TestAdversarialCore::test_power_detrend_perfect_linear PASSED [  4%]
tests/audit_v060/test_adversarial_core.py::TestAdversarialCore::test_power_invalid_slope_scaling PASSED [  4%]
tests/audit_v060/test_adversarial_core.py::TestAdversarialCore::test_power_dataframe_missing_columns PASSED [  4%]
tests/audit_v060/test_adversarial_core.py::TestAdversarialCore::test_iaaft_uneven_warning PASSED [  4%]
tests/audit_v060/test_adversarial_seasonal.py::TestAdversarialSeasonal::test_agg_median_surrogate_kwargs_conflict PASSED [  5%]
tests/audit_v060/test_adversarial_seasonal.py::TestAdversarialSeasonal::test_agg_middle_surrogate_kwargs_success PASSED [  5%]
tests/audit_v060/test_adversarial_seasonal.py::TestAdversarialSeasonal::test_agg_none_surrogate_kwargs_success PASSED [  5%]
tests/audit_v060/test_adversarial_seasonal.py::TestAdversarialSeasonal::test_surrogate_kwargs_length_mismatch PASSED [  5%]
tests/audit_v060/test_censored_surrogates.py::test_censored_flag_propagation PASSED [  5%]
tests/audit_v060/test_edge_cases.py::test_constant_data_surrogate PASSED [  6%]
tests/audit_v060/test_edge_cases.py::test_nan_handling PASSED            [  6%]
tests/audit_v060/test_edge_cases.py::test_short_series PASSED            [  6%]
tests/audit_v060/test_edge_cases.py::test_invalid_n_surrogates PASSED    [  6%]
tests/audit_v060/test_independent_audit.py::TestIndependentAuditV060::test_lomb_scargle_constant_data PASSED [  7%]
tests/audit_v060/test_independent_audit.py::TestIndependentAuditV060::test_lomb_scargle_extreme_offset PASSED [  7%]
tests/audit_v060/test_independent_audit.py::TestIndependentAuditV060::test_trend_test_kwargs_aggregation_conflict PASSED [  7%]
tests/audit_v060/test_independent_audit.py::TestIndependentAuditV060::test_seasonal_trend_test_kwargs_aggregation_conflict PASSED [  7%]
tests/audit_v060/test_independent_audit.py::TestIndependentAuditV060::test_power_test_slope_scaling_correctness PASSED [  8%]
tests/audit_v060/test_independent_audit.py::TestIndependentAuditV060::test_power_test_reproducibility PASSED [  8%]
tests/audit_v060/test_independent_audit.py::TestIndependentAuditV060::test_power_test_dataframe_censored PASSED [  8%]
tests/audit_v060/test_independent_audit.py::TestIndependentAuditV060::test_surrogate_invalid_method PASSED [  8%]
tests/audit_v060/test_independent_audit.py::TestIndependentAuditV060::test_surrogate_n_surrogates_zero PASSED [  8%]
tests/audit_v060/test_independent_audit.py::TestIndependentAuditV060::test_power_test_mismatched_lengths PASSED [  9%]
tests/audit_v060/test_independent_audit.py::TestIndependentAuditV060::test_lomb_scargle_all_nan PASSED [  9%]
tests/audit_v060/test_independent_audit.py::TestIndependentAuditV060::test_surrogate_test_integer_inputs PASSED [  9%]
tests/audit_v060/test_power_analysis.py::test_power_slope_scaling PASSED [  9%]
tests/audit_v060/test_power_analysis.py::test_mdt_calculation PASSED     [ 10%]
tests/audit_v060/test_review_repro.py::TestReviewReproduction::test_issue_1_validation_inside_loop_crash PASSED [ 10%]
tests/audit_v060/test_review_repro.py::TestReviewReproduction::test_issue_3_random_state_mutation PASSED [ 10%]
tests/audit_v060/test_review_repro.py::TestReviewReproduction::test_issue_12_ats_resampling_logic PASSED [ 10%]
tests/audit_v060/test_review_repro.py::TestReviewReproduction::test_issue_10_memory_explosion PASSED [ 11%]
tests/audit_v060/test_seasonal_alignment.py::test_seasonal_surrogate_kwargs_alignment PASSED [ 11%]
tests/audit_v060/test_seasonal_alignment.py::test_seasonal_aggregation_error PASSED [ 11%]
tests/audit_v060/test_surrogate_integrity.py::test_iaaft_amplitude_conservation PASSED [ 11%]
tests/audit_v060/test_surrogate_integrity.py::test_lomb_scargle_amplitude_conservation PASSED [ 11%]
tests/audit_v060/test_surrogate_integrity.py::test_iaaft_spectrum_conservation PASSED [ 12%]
tests/audit_v060/test_v060_adversarial_deep.py::TestSurrogateAdversarial::test_surrogate_all_nans PASSED [ 12%]
tests/audit_v060/test_v060_adversarial_deep.py::TestSurrogateAdversarial::test_surrogate_constant_data PASSED [ 12%]
tests/audit_v060/test_v060_adversarial_deep.py::TestSurrogateAdversarial::test_surrogate_tiny_sample PASSED [ 12%]
tests/audit_v060/test_v060_adversarial_deep.py::TestSurrogateAdversarial::test_surrogate_infinite_values PASSED [ 13%]
tests/audit_v060/test_v060_adversarial_deep.py::TestSurrogateAdversarial::test_surrogate_extreme_values PASSED [ 13%]
tests/audit_v060/test_v060_adversarial_deep.py::TestPowerAdversarial::test_power_invalid_simulations PASSED [ 13%]
tests/audit_v060/test_v060_adversarial_deep.py::TestPowerAdversarial::test_power_empty_slopes PASSED [ 13%]
tests/audit_v060/test_v060_adversarial_deep.py::TestPowerAdversarial::test_power_nan_slopes PASSED [ 14%]
tests/audit_v060/test_v060_adversarial_deep.py::TestPowerAdversarial::test_power_scaling_invalid PASSED [ 14%]
tests/audit_v060/test_v060_adversarial_deep.py::TestSeasonalAdversarial::test_seasonal_surrogate_mismatch_length PASSED [ 14%]
tests/audit_v060/test_v060_adversarial_deep.py::TestSeasonalAdversarial::test_seasonal_aggressive_aggregation PASSED [ 14%]
tests/audit_v060/test_v060_adversarial_deep.py::TestSeasonalAdversarial::test_seasonal_surrogate_agg_conflict PASSED [ 14%]
tests/audit_v060/test_v060_audit_extra.py::TestAuditV060Extra::test_seasonal_trend_test_lwp_kwargs PASSED [ 15%]
tests/audit_v060/test_v060_audit_extra.py::TestAuditV060Extra::test_trend_test_median_scalar_kwargs PASSED [ 15%]
tests/audit_v060/test_v060_audit_extra.py::TestAuditV060Extra::test_iaaft_max_iter_override PASSED [ 15%]
tests/audit_v060/test_v060_audit_extra.py::TestAuditV060Extra::test_trend_test_median_array_kwargs_fail PASSED [ 15%]
tests/audit_v060/test_v060_audit_fixes_kwargs.py::test_power_test_kwargs_propagation PASSED [ 16%]
tests/audit_v060/test_v060_audit_fixes_kwargs.py::test_seasonal_trend_test_kwargs_aggregation_error PASSED [ 16%]
tests/audit_v060/test_v060_audit_fixes_kwargs.py::test_trend_test_agg_mean_fail PASSED [ 16%]
tests/audit_v060/test_v060_audit_fixes_kwargs.py::test_surrogate_test_constant_input PASSED [ 16%]
tests/audit_v060/test_v060_extra_adversarial.py::test_surrogate_constant_input PASSED [ 17%]
tests/audit_v060/test_v060_extra_adversarial.py::test_surrogate_small_n PASSED [ 17%]
tests/audit_v060/test_v060_extra_adversarial.py::test_trend_test_aggregation_mismatch_error_message PASSED [ 17%]
tests/audit_v060/test_v060_extra_adversarial.py::test_seasonal_trend_test_aggregation_mismatch_error_message PASSED [ 17%]
tests/audit_v060/test_v060_extra_adversarial.py::test_power_test_censored_warning PASSED [ 17%]
tests/audit_v060/test_v060_extra_adversarial.py::test_lomb_scargle_stability_near_constant PASSED [ 18%]
tests/audit_v060/test_v060_extra_edge_cases.py::TestNewEdgeCases::test_lomb_scargle_invalid_params PASSED [ 18%]
tests/audit_v060/test_v060_extra_edge_cases.py::TestNewEdgeCases::test_trend_test_misaligned_kwargs PASSED [ 18%]
tests/audit_v060/test_v060_extra_edge_cases.py::TestNewEdgeCases::test_seasonal_trend_test_kwargs_slicing PASSED [ 18%]
tests/audit_v060/test_v060_extra_edge_cases.py::TestNewEdgeCases::test_power_test_invalid_slope_scaling PASSED [ 19%]
tests/audit_v060/test_v060_extra_edge_cases.py::TestNewEdgeCases::test_power_test_detrend PASSED [ 19%]
tests/audit_v060/test_v060_extra_edge_cases.py::TestNewEdgeCases::test_seasonal_trend_test_surrogate_kwargs_mismatch_error PASSED [ 19%]
tests/audit_v060/test_v060_final_audit.py::test_censoring_propagation_with_ties PASSED [ 19%]
tests/audit_v060/test_v060_final_audit.py::test_power_test_slope_scaling_verification PASSED [ 20%]
tests/audit_v060/test_v060_final_audit.py::test_power_conservatism_demonstration PASSED [ 20%]
tests/audit_v060/test_v060_final_audit.py::test_power_detrend_option PASSED [ 20%]
tests/audit_v060/test_v060_regression_fixes.py::TestDeepAudit::test_power_test_low_power_returns_nan_mdt PASSED [ 20%]
tests/audit_v060/test_v060_regression_fixes.py::TestDeepAudit::test_power_test_performance_warning PASSED [ 20%]
tests/audit_v060/test_v060_regression_fixes.py::TestDeepAudit::test_seasonal_surrogate_robust_warning PASSED [ 21%]
tests/audit_v060/test_v060_regression_fixes.py::TestDeepAudit::test_surrogate_test_exact_n PASSED [ 21%]
tests/audit_v060/test_v060_regression_fixes.py::TestDeepAudit::test_seasonal_integration_seeds PASSED [ 21%]
tests/audit_v060/test_v060_regression_fixes.py::TestDeepAudit::test_iaaft_variable_naming PASSED [ 21%]
tests/audit_v060/test_v060_regression_fixes.py::TestDeepAudit::test_surrogate_kwargs_length_mismatch PASSED [ 22%]
tests/test_aggregation.py::test_seasonal_trend_test_aggregation_methods PASSED [ 22%]
tests/test_alpha_sensitivity.py::test_linear_trend_alpha_sensitivity PASSED [ 22%]
tests/test_alpha_sensitivity.py::test_rolling_trend_alpha_sensitivity PASSED [ 22%]
tests/test_alpha_sensitivity.py::test_segmented_trend_alpha_sensitivity_ols PASSED [ 23%]
tests/test_alpha_sensitivity.py::test_segmented_trend_alpha_sensitivity_bagging PASSED [ 23%]
tests/test_analysis_notes.py::test_get_analysis_note_all_na PASSED       [ 23%]
tests/test_analysis_notes.py::test_get_analysis_note_less_than_3_unique_values PASSED [ 23%]
tests/test_analysis_notes.py::test_get_analysis_note_less_than_5_non_censored_values PASSED [ 23%]
tests/test_analysis_notes.py::test_get_analysis_note_long_run_of_single_value PASSED [ 24%]
tests/test_analysis_notes.py::test_get_analysis_note_seasonal_less_than_3_non_na PASSED [ 24%]
tests/test_analysis_notes.py::test_get_analysis_note_seasonal_less_than_2_unique_values PASSED [ 24%]
tests/test_analysis_notes.py::test_get_analysis_note_seasonal_long_run PASSED [ 24%]
tests/test_analysis_notes.py::test_get_sens_slope_analysis_note_ok PASSED [ 25%]
tests/test_analysis_notes.py::test_get_sens_slope_analysis_note_influenced_by_left_censored PASSED [ 25%]
tests/test_analysis_notes.py::test_get_sens_slope_analysis_note_influenced_by_right_censored PASSED [ 25%]
tests/test_analysis_notes.py::test_get_sens_slope_analysis_note_influenced_by_both_censored PASSED [ 25%]
tests/test_analysis_notes.py::test_get_sens_slope_analysis_note_based_on_two_censored PASSED [ 26%]
tests/test_analysis_notes.py::test_get_sens_slope_analysis_note_tied_non_censored PASSED [ 26%]
tests/test_analysis_notes.py::test_trend_test_min_size_warning PASSED    [ 26%]
tests/test_analysis_notes.py::test_seasonal_trend_test_min_size_warning PASSED [ 26%]
tests/test_analysis_notes_coverage.py::test_get_analysis_note_all_na PASSED [ 26%]
tests/test_analysis_notes_coverage.py::test_get_analysis_note_seasonal_no_season_col PASSED [ 27%]
tests/test_analysis_notes_coverage.py::test_get_analysis_note_post_agg_seasonal_insufficient_non_na PASSED [ 27%]
tests/test_analysis_notes_coverage.py::test_get_analysis_note_post_agg_seasonal_insufficient_unique PASSED [ 27%]
tests/test_analysis_notes_coverage.py::test_get_analysis_note_post_agg_seasonal_long_run PASSED [ 27%]
tests/test_analysis_notes_coverage.py::test_get_analysis_note_post_agg_non_seasonal_long_run PASSED [ 28%]
tests/test_analysis_notes_coverage.py::test_get_sens_slope_analysis_note_two_censored PASSED [ 28%]
tests/test_analysis_notes_coverage.py::test_get_sens_slope_analysis_note_left_right_censored PASSED [ 28%]
tests/test_analysis_notes_coverage.py::test_get_sens_slope_analysis_note_right_censored PASSED [ 28%]
tests/test_analysis_notes_coverage.py::test_get_sens_slope_analysis_note_nan_median PASSED [ 29%]
tests/test_ats.py::test_ats_slope_non_seasonal PASSED                    [ 29%]
tests/test_ats.py::test_ats_slope_seasonal_refactored PASSED             [ 29%]
tests/test_audit_large_data.py::test_audit_mk_score_optimization PASSED  [ 29%]
tests/test_audit_large_data.py::test_audit_stochastic_slope_accuracy PASSED [ 29%]
tests/test_audit_large_data.py::test_audit_seasonal_stratification PASSED [ 30%]
tests/test_audit_large_data.py::test_audit_api_integration PASSED        [ 30%]
tests/test_audit_production_readiness.py::test_audit_boundary_exactness PASSED [ 30%]
tests/test_audit_production_readiness.py::test_mk_score_exactness_large_n PASSED [ 30%]
tests/test_audit_production_readiness.py::test_audit_determinism PASSED  [ 31%]
tests/test_audit_production_readiness.py::test_audit_heavy_ties PASSED   [ 31%]
tests/test_audit_production_readiness.py::test_audit_censored_fallback PASSED [ 31%]
tests/test_audit_production_readiness.py::test_audit_seasonal_stratification_detail PASSED [ 31%]
tests/test_audit_v050.py::test_fast_mk_edge_case_n5001 PASSED            [ 32%]
tests/test_audit_v050.py::test_seasonal_stratification_n15000 PASSED     [ 32%]
tests/test_audit_v050.py::test_heavy_ties PASSED                         [ 32%]
tests/test_autocorrelation.py::test_estimate_acf_random_noise PASSED     [ 32%]
tests/test_autocorrelation.py::test_estimate_acf_ar1 PASSED              [ 32%]
tests/test_autocorrelation.py::test_effective_sample_size PASSED         [ 33%]
tests/test_autocorrelation.py::test_moving_block_bootstrap_structure PASSED [ 33%]
tests/test_autocorrelation.py::test_bootstrap_mann_kendall_no_trend PASSED [ 33%]
tests/test_autocorrelation.py::test_should_apply_correction PASSED       [ 33%]
tests/test_bootstrap.py::test_optimal_block_size PASSED                  [ 34%]
tests/test_bootstrap.py::test_moving_block_bootstrap_indices PASSED      [ 34%]
tests/test_bootstrap.py::test_bootstrap_mk_censored_alignment PASSED     [ 34%]
tests/test_bootstrap.py::test_surrogate_with_block_bootstrap_coexistence PASSED [ 34%]
tests/test_bootstrap.py::test_block_bootstrap_censored_data PASSED       [ 35%]
tests/test_bootstrap_feature.py::test_bootstrap_trend_test_integration PASSED [ 35%]
tests/test_bootstrap_feature.py::test_bootstrap_censored_ci_sorting PASSED [ 35%]
tests/test_bootstrap_integration.py::test_trend_test_integration_block_bootstrap PASSED [ 35%]
tests/test_bootstrap_integration.py::test_trend_test_integration_yue_wang PASSED [ 35%]
tests/test_bootstrap_integration.py::test_trend_test_auto_detection